[2015-07-02 12:20:44] START
[2015-07-24 19:14:12] EDIT dropbox1/views/default/desc.html: 1
[2015-07-24 19:15:28] EDIT dropbox1/views/default/desc.html: -1
[2015-07-24 19:17:13] EDIT dropbox1/views/default/desc1.html: -18
[2015-07-24 19:19:50] EDIT dropbox1/views/default/desc.html: 4
[2015-07-24 19:25:58] EDIT dropbox1/views/default/desc.html: -10
[2015-07-24 19:27:44] EDIT dropbox1/views/default/desc.html: 0
[2015-07-24 19:35:55] EDIT dropbox1/views/default/desc.html: 0
[2015-07-24 19:36:34] EDIT dropbox1/views/default/desc.html: 0
[2015-07-24 19:36:41] EDIT dropbox1/views/default/desc.html: 0
[2015-07-24 19:37:18] EDIT dropbox1/views/default/desc.html: 0
[2015-08-05 20:47:39] EDIT dropbox1/models/db.py: -2
[2015-08-05 20:55:34] EDIT dropbox1/controllers/default.py: -1
[2015-08-05 20:56:03] DELETE dropbox1/views/default/mailing.html: -1
[2015-08-05 20:56:15] EDIT dropbox1/controllers/default.py: -3
[2015-08-05 23:04:54] EDIT dropbox1/controllers/default.py: 1
[2015-08-05 23:05:18] EDIT dropbox1/controllers/default.py: 1
[2015-08-05 23:05:28] EDIT dropbox1/controllers/default.py: -1
[2015-08-05 23:05:37] EDIT dropbox1/controllers/default.py: 1
[2015-08-05 23:05:42] EDIT dropbox1/controllers/default.py: -1
[2015-08-05 23:05:48] EDIT dropbox1/controllers/default.py: 1
[2015-08-06 07:26:37] EDIT dropbox1/models/db.py: 2
[2015-08-06 07:36:07] EDIT dropbox1/controllers/default.py: -2
[2015-08-06 07:37:03] EDIT dropbox1/controllers/default.py: -5
[2015-08-06 07:37:10] EDIT dropbox1/controllers/default.py: 0
[2015-08-06 07:37:25] EDIT dropbox1/controllers/default.py: 0
[2015-08-06 07:37:35] EDIT dropbox1/controllers/default.py: 0
[2015-08-06 07:37:51] EDIT dropbox1/controllers/default.py: 0
[2015-08-06 07:38:23] EDIT dropbox1/controllers/default.py: -2
[2015-08-06 07:38:40] EDIT dropbox1/controllers/default.py: -1
[2015-08-06 07:39:00] EDIT dropbox1/controllers/default.py: 3
[2015-08-06 07:39:36] EDIT dropbox1/controllers/default.py: 1
[2015-08-06 07:39:48] EDIT dropbox1/controllers/default.py: -4
[2015-08-06 07:39:54] EDIT dropbox1/controllers/default.py: 1
[2015-08-06 07:40:03] EDIT dropbox1/controllers/default.py: 0
[2015-08-06 08:19:00] EDIT dropbox1/models/db.py: 1
[2015-08-06 08:28:54] EDIT dropbox1/models/db.py: 1
[2015-08-06 10:34:29] EDIT dropbox1/views/default/show.html: 0
